<?xml version="1.0" encoding="utf-8"?><testsuites name="pytest tests"><testsuite name="pytest" errors="0" failures="0" skipped="0" tests="168" time="66.978" timestamp="2025-06-20T14:35:28.006936-07:00" hostname="souriya.local"><testcase classname="tests.test_app" name="test_document_processor_init" time="0.000" /><testcase classname="tests.test_app" name="test_mime_type_detection" time="0.000" /><testcase classname="tests.test_app" name="test_ollama_chat_initialization" time="0.000" /><testcase classname="tests.test_app" name="test_chat_query_structure" time="8.427" /><testcase classname="tests.test_app" name="test_error_handling" time="0.012" /><testcase classname="tests.test_app" name="test_async_chat" time="6.336" /><testcase classname="tests.test_app" name="test_chat_fallback_mechanism" time="1.693" /><testcase classname="tests.test_app" name="test_health_check" time="0.005" /><testcase classname="tests.test_app" name="test_cache_stats" time="0.000" /><testcase classname="tests.test_app" name="test_stream_query" time="1.887" /><testcase classname="tests.test_app" name="test_config_integration" time="0.000" /><testcase classname="tests.test_app" name="test_async_chat_integration" time="0.000" /><testcase classname="tests.test_app" name="test_cache_integration" time="0.000" /><testcase classname="tests.test_basic.TestBasicFunctionality" name="test_ollamachat_initialization" time="0.000" /><testcase classname="tests.test_basic.TestConfiguration" name="test_app_config_defaults" time="0.000" /><testcase classname="tests.test_basic.TestConfiguration" name="test_app_config_validation" time="0.000" /><testcase classname="tests.test_basic.TestConfiguration" name="test_global_config_exists" time="0.000" /><testcase classname="tests.test_basic.TestCaching" name="test_global_cache_exists" time="0.000" /><testcase classname="tests.test_basic.TestCaching" name="test_memory_cache_basic" time="0.000" /><testcase classname="tests.test_basic.TestCaching" name="test_response_cache_basic" time="0.000" /><testcase classname="tests.test_database_migrations.TestMigration" name="test_migration_creation" time="0.000" /><testcase classname="tests.test_database_migrations.TestMigrationManager" name="test_migration_manager_initialization" time="0.003" /><testcase classname="tests.test_database_migrations.TestMigrationManager" name="test_calculate_checksum" time="0.002" /><testcase classname="tests.test_database_migrations.TestMigrationManager" name="test_parse_migration_file" time="0.001" /><testcase classname="tests.test_database_migrations.TestMigrationManager" name="test_parse_invalid_migration_file" time="0.001" /><testcase classname="tests.test_database_migrations.TestMigrationManager" name="test_get_migration_files" time="0.001" /><testcase classname="tests.test_database_migrations.TestMigrationManager" name="test_apply_migration" time="0.003" /><testcase classname="tests.test_database_migrations.TestMigrationManager" name="test_apply_failed_migration" time="0.004" /><testcase classname="tests.test_database_migrations.TestMigrationManager" name="test_validate_migration" time="0.001" /><testcase classname="tests.test_database_migrations.TestMigrationManager" name="test_migrate_empty_database" time="0.001" /><testcase classname="tests.test_database_migrations.TestMigrationManager" name="test_migrate_with_files" time="0.004" /><testcase classname="tests.test_database_migrations.TestMigrationManager" name="test_migrate_with_existing_migrations" time="0.005" /><testcase classname="tests.test_database_migrations.TestMigrationManager" name="test_get_migration_status" time="0.003" /><testcase classname="tests.test_database_migrations.TestMigrationManager" name="test_create_migration" time="0.001" /><testcase classname="tests.test_database_migrations.TestMigrationManager" name="test_create_duplicate_migration" time="0.001" /><testcase classname="tests.test_database_migrations.TestMigrationIntegration" name="test_full_migration_workflow" time="0.004" /><testcase classname="tests.test_database_migrations.TestMigrationIntegration" name="test_migration_rollback_simulation" time="0.003" /><testcase classname="tests.test_database_migrations.TestGlobalFunctions" name="test_initialize_migrations" time="0.001" /><testcase classname="tests.test_database_migrations.TestGlobalFunctions" name="test_run_migrations" time="0.003" /><testcase classname="tests.test_database_migrations.TestGlobalFunctions" name="test_get_migration_status" time="0.001" /><testcase classname="tests.test_enhanced_audio.TestEnhancedAudioFunctionality" name="test_create_enhanced_audio_button_initialization" time="0.000" /><testcase classname="tests.test_enhanced_audio.TestEnhancedAudioFunctionality" name="test_get_professional_audio_html_creates_valid_html" time="0.235" /><testcase classname="tests.test_enhanced_audio.TestEnhancedAudioFunctionality" name="test_get_professional_audio_html_file_not_found" time="0.000" /><testcase classname="tests.test_enhanced_audio.TestEnhancedAudioFunctionality" name="test_get_professional_audio_html_none_file" time="0.000" /><testcase classname="tests.test_enhanced_audio.TestEnhancedAudioFunctionality" name="test_get_professional_audio_html_empty_string" time="0.000" /><testcase classname="tests.test_enhanced_audio.TestEnhancedAudioFunctionality" name="test_get_audio_file_size_bytes" time="0.001" /><testcase classname="tests.test_enhanced_audio.TestEnhancedAudioFunctionality" name="test_get_audio_file_size_kilobytes" time="0.000" /><testcase classname="tests.test_enhanced_audio.TestEnhancedAudioFunctionality" name="test_get_audio_file_size_megabytes" time="0.001" /><testcase classname="tests.test_enhanced_audio.TestEnhancedAudioFunctionality" name="test_get_audio_file_size_nonexistent" time="0.000" /><testcase classname="tests.test_enhanced_audio.TestEnhancedAudioFunctionality" name="test_cleanup_audio_files" time="0.001" /><testcase classname="tests.test_enhanced_audio.TestEnhancedAudioFunctionality" name="test_professional_audio_html_contains_modern_styling" time="0.179" /><testcase classname="tests.test_enhanced_audio.TestEnhancedAudioFunctionality" name="test_professional_audio_html_contains_accessibility_features" time="0.180" /><testcase classname="tests.test_enhanced_audio.TestEnhancedAudioFunctionality" name="test_professional_audio_html_error_handling" time="0.001" /><testcase classname="tests.test_enhanced_audio.TestEnhancedAudioFunctionality" name="test_professional_audio_html_base64_encoding" time="0.001" /><testcase classname="tests.test_enhanced_audio.TestEnhancedAudioFunctionality" name="test_professional_audio_html_file_size_display" time="0.238" /><testcase classname="tests.test_enhanced_audio.TestEnhancedAudioFunctionality" name="test_professional_audio_html_malformed_file" time="0.001" /><testcase classname="tests.test_enhanced_reasoning.TestEnhancedReasoningAgent" name="test_enhanced_calculator_tool" time="0.016" /><testcase classname="tests.test_enhanced_reasoning.TestEnhancedReasoningAgent" name="test_enhanced_time_tools" time="0.030" /><testcase classname="tests.test_enhanced_reasoning.TestEnhancedReasoningAgent" name="test_time_conversion_tool" time="0.013" /><testcase classname="tests.test_enhanced_reasoning.TestEnhancedReasoningAgent" name="test_time_difference_tool" time="0.012" /><testcase classname="tests.test_enhanced_reasoning.TestEnhancedReasoningAgent" name="test_time_info_tool" time="0.012" /><testcase classname="tests.test_enhanced_reasoning.TestEnhancedReasoningAgent" name="test_agent_tools_initialization" time="0.012" /><testcase classname="tests.test_enhanced_reasoning.TestEnhancedReasoningAgent" name="test_enhanced_calculator_safety" time="0.013" /><testcase classname="tests.test_enhanced_reasoning.TestEnhancedReasoningAgent" name="test_enhanced_calculator_advanced_functions" time="0.013" /><testcase classname="tests.test_enhanced_reasoning.TestEnhancedReasoningAgent" name="test_timezone_handling" time="0.015" /><testcase classname="tests.test_enhanced_reasoning.TestEnhancedReasoningAgent" name="test_time_conversion_edge_cases" time="0.012" /><testcase classname="tests.test_enhanced_reasoning.TestEnhancedReasoningAgent" name="test_time_difference_edge_cases" time="0.013" /><testcase classname="tests.test_enhanced_reasoning.TestEnhancedReasoningAgent" name="test_agent_run_with_enhanced_tools" time="0.013" /><testcase classname="tests.test_enhanced_reasoning.TestEnhancedReasoningAgent" name="test_tool_descriptions" time="0.012" /><testcase classname="tests.test_enhanced_reasoning.TestEnhancedReasoningAgent" name="test_error_handling_integration" time="0.013" /><testcase classname="tests.test_enhanced_reasoning.TestEnhancedToolsIntegration" name="test_calculator_integration_with_agent" time="0.013" /><testcase classname="tests.test_enhanced_reasoning.TestEnhancedToolsIntegration" name="test_time_tools_integration_with_agent" time="0.014" /><testcase classname="tests.test_enhanced_reasoning.TestEnhancedToolsIntegration" name="test_tool_consistency" time="0.013" /><testcase classname="tests.test_enhanced_reasoning.TestEnhancedToolsIntegration" name="test_tool_performance" time="0.013" /><testcase classname="tests.test_enhanced_reasoning" name="test_enhanced_tools_backward_compatibility" time="0.012" /><testcase classname="tests.test_enhanced_reasoning" name="test_enhanced_tools_error_recovery" time="0.016" /><testcase classname="tests.test_enhanced_tools.TestEnhancedCalculator" name="test_basic_arithmetic" time="0.000" /><testcase classname="tests.test_enhanced_tools.TestEnhancedCalculator" name="test_mathematical_functions" time="0.000" /><testcase classname="tests.test_enhanced_tools.TestEnhancedCalculator" name="test_trigonometric_functions" time="0.000" /><testcase classname="tests.test_enhanced_tools.TestEnhancedCalculator" name="test_logarithmic_functions" time="0.000" /><testcase classname="tests.test_enhanced_tools.TestEnhancedCalculator" name="test_constants" time="0.000" /><testcase classname="tests.test_enhanced_tools.TestEnhancedCalculator" name="test_complex_expressions" time="0.000" /><testcase classname="tests.test_enhanced_tools.TestEnhancedCalculator" name="test_expression_cleaning" time="0.000" /><testcase classname="tests.test_enhanced_tools.TestEnhancedCalculator" name="test_error_handling" time="0.000" /><testcase classname="tests.test_enhanced_tools.TestEnhancedCalculator" name="test_safety_validation" time="0.000" /><testcase classname="tests.test_enhanced_tools.TestEnhancedCalculator" name="test_result_formatting" time="0.000" /><testcase classname="tests.test_enhanced_tools.TestEnhancedTimeTools" name="test_get_current_time_utc" time="0.000" /><testcase classname="tests.test_enhanced_tools.TestEnhancedTimeTools" name="test_get_current_time_different_timezones" time="0.000" /><testcase classname="tests.test_enhanced_tools.TestEnhancedTimeTools" name="test_timezone_normalization" time="0.000" /><testcase classname="tests.test_enhanced_tools.TestEnhancedTimeTools" name="test_time_conversion" time="0.000" /><testcase classname="tests.test_enhanced_tools.TestEnhancedTimeTools" name="test_time_difference_calculation" time="0.000" /><testcase classname="tests.test_enhanced_tools.TestEnhancedTimeTools" name="test_time_info_comprehensive" time="0.000" /><testcase classname="tests.test_enhanced_tools.TestEnhancedTimeTools" name="test_available_timezones" time="0.000" /><testcase classname="tests.test_enhanced_tools.TestEnhancedTimeTools" name="test_error_handling_invalid_timezone" time="0.000" /><testcase classname="tests.test_enhanced_tools.TestEnhancedTimeTools" name="test_error_handling_invalid_time_format" time="0.000" /><testcase classname="tests.test_enhanced_tools.TestEnhancedTimeTools" name="test_error_handling_invalid_timezone_conversion" time="0.000" /><testcase classname="tests.test_enhanced_tools.TestEnhancedTimeTools" name="test_pytz_import_error_handling" time="0.000" /><testcase classname="tests.test_enhanced_tools.TestIntegration" name="test_calculator_and_time_integration" time="0.000" /><testcase classname="tests.test_enhanced_tools.TestIntegration" name="test_complex_calculation_with_time" time="0.000" /><testcase classname="tests.test_enhanced_tools" name="test_tool_initialization[EnhancedCalculator]" time="0.000" /><testcase classname="tests.test_enhanced_tools" name="test_tool_initialization[EnhancedTimeTools]" time="0.000" /><testcase classname="tests.test_enhanced_tools" name="test_calculation_result_dataclass" time="0.000" /><testcase classname="tests.test_enhanced_tools" name="test_time_result_dataclass" time="0.000" /><testcase classname="tests.test_processing" name="test_document_processor_initialization" time="0.085" /><testcase classname="tests.test_processing" name="test_text_splitting" time="0.001" /><testcase classname="tests.test_processing" name="test_empty_document_handling" time="0.001" /><testcase classname="tests.test_processing" name="test_document_metadata_handling" time="0.001" /><testcase classname="tests.test_processing" name="test_async_processing" time="0.001" /><testcase classname="tests.test_reasoning" name="test_reasoning_result_creation" time="0.000" /><testcase classname="tests.test_reasoning" name="test_chain_of_thought" time="3.792" /><testcase classname="tests.test_reasoning" name="test_multi_step_reasoning" time="8.176" /><testcase classname="tests.test_reasoning" name="test_agent_based_reasoning" time="7.090" /><testcase classname="tests.test_reasoning" name="test_error_handling" time="0.021" /><testcase classname="tests.test_reasoning" name="test_reasoning_components[ReasoningChain]" time="0.994" /><testcase classname="tests.test_reasoning" name="test_reasoning_components[&lt;lambda&gt;]" time="5.414" /><testcase classname="tests.test_reasoning" name="test_reasoning_components[ReasoningAgent]" time="4.593" /><testcase classname="tests.test_reasoning.TestAsyncFunctionality" name="test_async_ollama_client_init" time="0.001" /><testcase classname="tests.test_reasoning.TestAsyncFunctionality" name="test_async_ollama_chat_init" time="0.000" /><testcase classname="tests.test_reasoning.TestAsyncFunctionality" name="test_async_chat_query" time="0.001" /><testcase classname="tests.test_reasoning.TestAsyncFunctionality" name="test_async_health_check" time="0.001" /><testcase classname="tests.test_reasoning.TestAsyncFunctionality" name="test_async_stream_query" time="0.003" /><testcase classname="tests.test_session_manager.TestChatSession" name="test_chat_session_creation" time="0.000" /><testcase classname="tests.test_session_manager.TestChatSession" name="test_chat_session_with_optional_fields" time="0.000" /><testcase classname="tests.test_session_manager.TestSessionMetadata" name="test_session_metadata_defaults" time="0.000" /><testcase classname="tests.test_session_manager.TestSessionMetadata" name="test_session_metadata_with_values" time="0.000" /><testcase classname="tests.test_session_manager.TestSessionManager" name="test_session_manager_initialization" time="0.006" /><testcase classname="tests.test_session_manager.TestSessionManager" name="test_create_session" time="0.005" /><testcase classname="tests.test_session_manager.TestSessionManager" name="test_save_and_load_session" time="0.007" /><testcase classname="tests.test_session_manager.TestSessionManager" name="test_load_nonexistent_session" time="0.006" /><testcase classname="tests.test_session_manager.TestSessionManager" name="test_list_sessions" time="0.008" /><testcase classname="tests.test_session_manager.TestSessionManager" name="test_list_sessions_with_pagination" time="0.008" /><testcase classname="tests.test_session_manager.TestSessionManager" name="test_update_session" time="0.007" /><testcase classname="tests.test_session_manager.TestSessionManager" name="test_delete_session" time="0.006" /><testcase classname="tests.test_session_manager.TestSessionManager" name="test_search_sessions" time="0.008" /><testcase classname="tests.test_session_manager.TestSessionManager" name="test_export_session_json" time="0.006" /><testcase classname="tests.test_session_manager.TestSessionManager" name="test_export_session_markdown" time="0.007" /><testcase classname="tests.test_session_manager.TestSessionManager" name="test_export_invalid_format" time="0.006" /><testcase classname="tests.test_session_manager.TestSessionManager" name="test_import_session" time="0.005" /><testcase classname="tests.test_session_manager.TestSessionManager" name="test_auto_save_session" time="0.007" /><testcase classname="tests.test_session_manager.TestSessionManager" name="test_get_session_stats" time="0.008" /><testcase classname="tests.test_session_manager.TestSessionManager" name="test_get_session_stats_nonexistent" time="0.005" /><testcase classname="tests.test_session_manager.TestSessionManager" name="test_cleanup_old_sessions" time="0.009" /><testcase classname="tests.test_session_manager.TestSessionManager" name="test_get_database_stats" time="0.007" /><testcase classname="tests.test_session_manager.TestSessionManager" name="test_session_manager_error_handling" time="0.008" /><testcase classname="tests.test_session_manager.TestSessionManagerIntegration" name="test_full_session_lifecycle" time="0.010" /><testcase classname="tests.test_session_manager.TestSessionManagerIntegration" name="test_multiple_users" time="0.007" /><testcase classname="tests.test_voice.TestVoiceFunctionality" name="test_text_to_speech_creates_file" time="0.196" /><testcase classname="tests.test_voice.TestVoiceFunctionality" name="test_text_to_speech_consistent_hash" time="0.177" /><testcase classname="tests.test_voice.TestVoiceFunctionality" name="test_text_to_speech_different_texts" time="0.351" /><testcase classname="tests.test_voice.TestVoiceFunctionality" name="test_text_to_speech_empty_text" time="0.000" /><testcase classname="tests.test_voice.TestVoiceFunctionality" name="test_text_to_speech_none_text" time="0.000" /><testcase classname="tests.test_voice.TestVoiceFunctionality" name="test_text_to_speech_whitespace_text" time="0.000" /><testcase classname="tests.test_voice.TestVoiceFunctionality" name="test_get_audio_html_creates_valid_html" time="0.228" /><testcase classname="tests.test_voice.TestVoiceFunctionality" name="test_get_audio_html_file_not_found" time="0.000" /><testcase classname="tests.test_voice.TestVoiceFunctionality" name="test_get_audio_html_none_file" time="0.000" /><testcase classname="tests.test_voice.TestVoiceFunctionality" name="test_voice_integration" time="0.167" /><testcase classname="tests.test_voice.TestVoiceFunctionality" name="test_text_to_speech_gtts_integration" time="0.001" /><testcase classname="tests.test_voice.TestVoiceFunctionality" name="test_voice_with_special_characters" time="0.220" /><testcase classname="tests.test_voice.TestVoiceFunctionality" name="test_voice_with_long_text" time="0.550" /><testcase classname="tests.test_voice.TestVoiceFunctionality" name="test_voice_with_unicode" time="0.184" /><testcase classname="tests.test_web_search.TestWebSearch" name="test_basic_search" time="0.001" /><testcase classname="tests.test_web_search.TestWebSearch" name="test_empty_query" time="0.000" /><testcase classname="tests.test_web_search.TestWebSearch" name="test_formatted_output" time="0.001" /><testcase classname="tests.test_web_search.TestWebSearch" name="test_max_results" time="0.001" /><testcase classname="tests.test_web_search.TestWebSearch" name="test_rate_limit_handling" time="14.051" /><testcase classname="tests.test_web_search.TestWebSearch" name="test_search_result_creation" time="0.001" /><testcase classname="tests.test_web_search.TestWebSearch" name="test_search_result_string_representation" time="0.000" /><testcase classname="tests.test_web_search.TestWebSearch" name="test_web_search_class" time="0.000" /></testsuite></testsuites>